<?xml version="1.0" encoding="utf-8" standalone="no"?>
<!--This file represents the results of running a test suite-->
<test-results name="C:\SIGMA\ESTUDOS\Exemplos\Sigma.Arcgis.Core\Sigma.Arcgis.Core.Testes\Sigma.Arcgis.Core.Testes.nunit" total="1" errors="0" failures="0" not-run="0" inconclusive="0" ignored="0" skipped="0" invalid="0" date="2014-01-20" time="17:54:34">
  <environment nunit-version="2.6.3.13283" clr-version="2.0.50727.5420" os-version="Microsoft Windows NT 6.1.7601 Service Pack 1" platform="Win32NT" cwd="C:\Program Files (x86)\NUnit 2.6.3\bin" machine-name="WILLPC" user="WiLL" user-domain="WILLPC" />
  <culture-info current-culture="pt-BR" current-uiculture="pt-BR" />
  <test-suite type="Project" name="C:\SIGMA\ESTUDOS\Exemplos\Sigma.Arcgis.Core\Sigma.Arcgis.Core.Testes\Sigma.Arcgis.Core.Testes.nunit" executed="True" result="Success" success="True" time="0.023" asserts="0">
    <results>
      <test-suite type="Assembly" name="C:\SIGMA\ESTUDOS\Exemplos\Sigma.Arcgis.Core\Sigma.Arcgis.Core.Testes\bin\Debug\Sigma.Arcgis.Core.Testes.dll" executed="True" result="Success" success="True" time="0.023" asserts="0">
        <results>
          <test-suite type="Namespace" name="Sigma" executed="True" result="Success" success="True" time="0.023" asserts="0">
            <results>
              <test-suite type="Namespace" name="Arcgis" executed="True" result="Success" success="True" time="0.023" asserts="0">
                <results>
                  <test-suite type="Namespace" name="Core" executed="True" result="Success" success="True" time="0.023" asserts="0">
                    <results>
                      <test-suite type="SetUpFixture" name="Testes" executed="True" result="Success" success="True" time="0.022" asserts="0">
                        <results>
                          <test-suite type="Namespace" name="Memorial" executed="True" result="Success" success="True" time="0.017" asserts="0">
                            <results>
                              <test-suite type="TestFixture" name="EscritorMemorial" executed="True" result="Success" success="True" time="0.016" asserts="0">
                                <results>
                                  <test-case name="Sigma.Arcgis.Core.Testes.Memorial.EscritorMemorial.TesteLeitura" executed="True" result="Success" success="True" time="0.016" asserts="1" />
                                </results>
                              </test-suite>
                            </results>
                          </test-suite>
                        </results>
                      </test-suite>
                    </results>
                  </test-suite>
                </results>
              </test-suite>
            </results>
          </test-suite>
        </results>
      </test-suite>
    </results>
  </test-suite>
</test-results>